[2021-05-16T20:20:35.841Z]: Starting client 
[2021-05-16T20:20:35.842Z]: Done loading in 15ms 
[2021-05-16T20:21:04.173Z]: Starting camunda external service 
[2021-05-16T20:21:04.175Z]: Done loading in 15ms 
[2021-05-16T20:21:51.743Z]: Starting camunda external service 
[2021-05-16T20:21:51.744Z]: Done loading in 15ms 
[2021-05-16T20:22:32.756Z]: Starting camunda external service 
[2021-05-16T20:22:32.758Z]: Done loading in 16ms 
[2021-05-16T20:22:49.525Z]: Starting camunda external service 
[2021-05-16T20:22:49.527Z]: Loading 
[2021-05-16T20:22:49.527Z]: Loading 
[2021-05-16T20:22:49.527Z]: Loading 
[2021-05-16T20:22:49.527Z]: Done loading in 16ms 
[2021-05-16T20:23:19.124Z]: Starting camunda external service 
[2021-05-16T20:23:19.126Z]: Loading topic mutko-form-amend.js 
[2021-05-16T20:23:19.126Z]: Loading topic mutko-form-complete.js 
[2021-05-16T20:23:19.126Z]: Loading topic mutko-form-create.js 
[2021-05-16T20:23:19.126Z]: Done loading in 15ms 
[2021-05-16T20:23:35.046Z]: Starting camunda external service 
[2021-05-16T20:23:35.047Z]: Loading topic mutko-form-amend 
[2021-05-16T20:23:35.047Z]: Loading topic mutko-form-complete 
[2021-05-16T20:23:35.047Z]: Loading topic mutko-form-create 
[2021-05-16T20:23:35.047Z]: Done loading in 15ms 
[2021-05-16T20:28:05.211Z]: Starting camunda external service 
[2021-05-16T20:28:05.212Z]: Loading topic mutko-form-amend 
[2021-05-16T20:28:05.212Z]: Loading topic mutko-form-complete 
[2021-05-16T20:28:05.213Z]: Loading topic mutko-form-create 
[2021-05-16T20:28:05.213Z]: Done loading in 15ms 
[2021-05-16T20:31:44.750Z]: Starting camunda external service 
[2021-05-16T20:31:44.751Z]: Loading topic mutko-form-amend 
[2021-05-16T20:31:44.751Z]: Loading topic mutko-form-complete 
[2021-05-16T20:31:44.752Z]: Loading topic mutko-form-create 
[2021-05-16T20:31:44.752Z]: Done loading in 16ms 
[2021-05-16T20:32:09.407Z]: Starting camunda external service 
[2021-05-16T20:32:09.408Z]: Loading topic mutko-form-amend 
[2021-05-16T20:32:09.408Z]: Loading topic mutko-form-complete 
[2021-05-16T20:32:09.408Z]: Loading topic mutko-form-create 
[2021-05-16T20:32:09.408Z]: Done loading in 16ms 
[2021-05-16T20:34:38.783Z]: Starting camunda external service 
[2021-05-16T20:34:38.784Z]: Loading topic check-task-variables 
[2021-05-16T20:34:38.785Z]: Loading topic mutko-form-amend 
[2021-05-16T20:34:38.785Z]: Loading topic mutko-form-complete 
[2021-05-16T20:34:38.785Z]: Loading topic mutko-form-create 
[2021-05-16T20:34:38.785Z]: Done loading in 16ms 
[2021-05-16T20:34:55.914Z]: Starting camunda external service 
[2021-05-16T20:34:55.915Z]: Loading topic check-task-variables 
[2021-05-16T20:34:55.916Z]: Loading topic mutko-form-amend 
[2021-05-16T20:34:55.916Z]: Loading topic mutko-form-complete 
[2021-05-16T20:34:55.916Z]: Loading topic mutko-form-create 
[2021-05-16T20:34:55.916Z]: Done loading in 15ms 
[2021-05-16T20:37:15.425Z]: ERROR: processVariables is not defined - processVariables is not defined 
[2021-05-16T20:37:22.220Z]: Starting camunda external service 
[2021-05-16T20:37:22.221Z]: Loading topic check-task-variables 
[2021-05-16T20:37:22.222Z]: Loading topic mutko-form-amend 
[2021-05-16T20:37:22.222Z]: Loading topic mutko-form-complete 
[2021-05-16T20:37:22.222Z]: Loading topic mutko-form-create 
[2021-05-16T20:37:22.222Z]: Done loading in 16ms 
[2021-05-16T20:37:53.213Z]: ERROR: processVariables is not defined - processVariables is not defined 
[2021-05-16T20:38:09.985Z]: Starting camunda external service 
[2021-05-16T20:38:09.986Z]: Loading topic check-task-variables 
[2021-05-16T20:38:09.986Z]: Loading topic mutko-form-amend 
[2021-05-16T20:38:09.986Z]: Loading topic mutko-form-complete 
[2021-05-16T20:38:09.986Z]: Loading topic mutko-form-create 
[2021-05-16T20:38:09.986Z]: Done loading in 15ms 
[2021-05-16T20:38:14.432Z]: Starting camunda external service 
[2021-05-16T20:38:14.433Z]: Loading topic check-task-variables 
[2021-05-16T20:38:14.433Z]: Loading topic mutko-form-amend 
[2021-05-16T20:38:14.433Z]: Loading topic mutko-form-complete 
[2021-05-16T20:38:14.433Z]: Loading topic mutko-form-create 
[2021-05-16T20:38:14.433Z]: Done loading in 15ms 
[2021-05-16T20:38:55.671Z]: Starting camunda external service 
[2021-05-16T20:38:55.673Z]: Loading topic check-task-variables 
[2021-05-16T20:38:55.673Z]: Loading topic mutko-form-amend 
[2021-05-16T20:38:55.673Z]: Loading topic mutko-form-complete 
[2021-05-16T20:38:55.673Z]: Loading topic mutko-form-create 
[2021-05-16T20:38:55.673Z]: Done loading in 15ms 
[2021-05-16T20:43:34.750Z]: Starting camunda external service 
[2021-05-16T20:43:34.751Z]: Loading topic check-task-variables 
[2021-05-16T20:43:34.752Z]: Loading topic mutko-form-amend 
[2021-05-16T20:43:34.752Z]: Loading topic mutko-form-complete 
[2021-05-16T20:43:34.752Z]: Loading topic mutko-form-create 
[2021-05-16T20:43:34.752Z]: Done loading in 16ms 
[2021-05-16T20:46:14.334Z]: Starting camunda external service 
[2021-05-16T20:46:14.336Z]: Loading topic check-task-variables 
[2021-05-16T20:46:14.336Z]: Loading topic mutko-form-amend 
[2021-05-16T20:46:14.336Z]: Loading topic mutko-form-complete 
[2021-05-16T20:46:14.337Z]: Loading topic mutko-form-create 
[2021-05-16T20:46:14.337Z]: Done loading in 21ms 
[2021-05-16T20:49:04.579Z]: Starting camunda external service 
[2021-05-16T20:49:04.580Z]: Loading topic check-task-variables 
[2021-05-16T20:49:04.580Z]: Loading topic mutko-form-amend 
[2021-05-16T20:49:04.580Z]: Loading topic mutko-form-complete 
[2021-05-16T20:49:04.580Z]: Loading topic mutko-form-create 
[2021-05-16T20:49:04.580Z]: Done loading in 15ms 
[2021-05-16T20:49:21.474Z]: Starting camunda external service 
[2021-05-16T20:49:21.475Z]: Loading topic check-task-variables 
[2021-05-16T20:49:21.475Z]: Loading topic mutko-form-amend 
[2021-05-16T20:49:21.475Z]: Loading topic mutko-form-complete 
[2021-05-16T20:49:21.475Z]: Loading topic mutko-form-create 
[2021-05-16T20:49:21.475Z]: Service loaded in 15ms 
[2021-05-16T20:49:43.754Z]: Running task undefined [3e08bf5f-b688-11eb-b34d-04d9f5f41a5d] on process test [3e08984b-b688-11eb-b34d-04d9f5f41a5d] 
[2021-05-16T20:50:17.830Z]: Starting camunda external service 
[2021-05-16T20:50:17.831Z]: Loading topic check-task-variables 
[2021-05-16T20:50:17.831Z]: Loading topic mutko-form-amend 
[2021-05-16T20:50:17.831Z]: Loading topic mutko-form-complete 
[2021-05-16T20:50:17.831Z]: Loading topic mutko-form-create 
[2021-05-16T20:50:17.832Z]: Service loaded in 16ms 
[2021-05-16T20:51:14.410Z]: Starting camunda external service 
[2021-05-16T20:51:14.411Z]: Loading topic check-task-variables 
[2021-05-16T20:51:14.411Z]: Loading topic mutko-form-amend 
[2021-05-16T20:51:14.411Z]: Loading topic mutko-form-complete 
[2021-05-16T20:51:14.412Z]: Loading topic mutko-form-create 
[2021-05-16T20:51:14.412Z]: Service loaded in 16ms 
[2021-05-16T20:51:22.871Z]: Received 'check-task-variables' [791c2ff7-b688-11eb-b34d-04d9f5f41a5d] on 'test' [791c08e3-b688-11eb-b34d-04d9f5f41a5d] 
[2021-05-16T20:52:25.041Z]: Starting camunda external service 
[2021-05-16T20:52:25.042Z]: Loading topic check-task-variables 
[2021-05-16T20:52:25.042Z]: Loading topic mutko-form-amend 
[2021-05-16T20:52:25.042Z]: Loading topic mutko-form-complete 
[2021-05-16T20:52:25.042Z]: Loading topic mutko-form-create 
[2021-05-16T20:52:25.042Z]: Service loaded in 15ms 
[2021-05-16T20:52:56.058Z]: Starting camunda external service 
[2021-05-16T20:52:56.060Z]: Loading topic check-task-variables 
[2021-05-16T20:52:56.060Z]: Loading topic mutko-form-amend 
[2021-05-16T20:52:56.060Z]: Loading topic mutko-form-complete 
[2021-05-16T20:52:56.060Z]: Loading topic mutko-form-create 
[2021-05-16T20:52:56.060Z]: Service loaded in 16ms 
[2021-05-16T20:56:49.512Z]: Starting camunda external service 
[2021-05-16T20:56:49.514Z]: Loading topic log-task-variables 
[2021-05-16T20:56:49.514Z]: Loading topic mutko-form-amend 
[2021-05-16T20:56:49.514Z]: Loading topic mutko-form-complete 
[2021-05-16T20:56:49.514Z]: Loading topic mutko-form-create 
[2021-05-16T20:56:49.514Z]: Service loaded in 15ms 
[2021-05-16T20:59:21.210Z]: Starting camunda external service 
[2021-05-16T20:59:21.212Z]: Loading topic log-task-variables 
[2021-05-16T20:59:21.212Z]: Loading topic mutko-form-amend 
[2021-05-16T20:59:21.212Z]: Loading topic mutko-form-complete 
[2021-05-16T20:59:21.212Z]: Loading topic mutko-form-create 
[2021-05-16T20:59:21.212Z]: Service loaded in 15ms 
[2021-05-16T21:02:32.628Z]: Starting camunda external service 
[2021-05-16T21:02:32.629Z]: Loading topic log-task-variables 
[2021-05-16T21:02:32.629Z]: Loading topic mutko-form-amend 
[2021-05-16T21:02:32.629Z]: Loading topic mutko-form-complete 
[2021-05-16T21:02:32.629Z]: Loading topic mutko-form-create 
[2021-05-16T21:02:32.629Z]: Service loaded in 15ms 
[2021-05-16T21:02:49.514Z]: Starting camunda external service 
[2021-05-16T21:02:49.515Z]: Loading topic log-task-variables 
[2021-05-16T21:02:49.516Z]: Loading topic mutko-form-amend 
[2021-05-16T21:02:49.516Z]: Loading topic mutko-form-complete 
[2021-05-16T21:02:49.516Z]: Loading topic mutko-form-create 
[2021-05-16T21:02:49.516Z]: Service loaded in 16ms 
[2021-05-16T21:05:28.834Z]: Starting camunda external service 
[2021-05-16T21:05:28.836Z]: Loading topic log-task-variables 
[2021-05-16T21:05:28.836Z]: Loading topic mutko-form-amend 
[2021-05-16T21:05:28.836Z]: Loading topic mutko-form-complete 
[2021-05-16T21:05:28.836Z]: Loading topic mutko-form-create 
[2021-05-16T21:05:28.836Z]: Service loaded in 15ms 
[2021-05-16T21:05:45.628Z]: Starting camunda external service 
[2021-05-16T21:05:45.630Z]: Loading topic log-task-variables 
[2021-05-16T21:05:45.630Z]: Loading topic mutko-form-amend 
[2021-05-16T21:05:45.630Z]: Loading topic mutko-form-complete 
[2021-05-16T21:05:45.630Z]: Loading topic mutko-form-create 
[2021-05-16T21:05:45.630Z]: Service loaded in 16ms 
[2021-05-16T21:06:09.870Z]: Starting camunda external service 
[2021-05-16T21:06:09.871Z]: Loading topic log-task-variables 
[2021-05-16T21:06:09.872Z]: Loading topic mutko-form-amend 
[2021-05-16T21:06:09.872Z]: Loading topic mutko-form-complete 
[2021-05-16T21:06:09.872Z]: Loading topic mutko-form-create 
[2021-05-16T21:06:09.872Z]: Loading topic set-mutko-variables 
[2021-05-16T21:06:09.872Z]: Service loaded in 15ms 
[2021-05-16T21:06:19.395Z]: Starting camunda external service 
[2021-05-16T21:06:19.396Z]: Loading topic log-task-variables 
[2021-05-16T21:06:19.396Z]: Loading topic mutko-form-amend 
[2021-05-16T21:06:19.396Z]: Loading topic mutko-form-complete 
[2021-05-16T21:06:19.397Z]: Loading topic mutko-form-create 
[2021-05-16T21:06:19.397Z]: Loading topic set-mutko-test-variables 
[2021-05-16T21:06:19.397Z]: Service loaded in 16ms 
[2021-05-16T21:07:37.724Z]: Starting camunda external service 
[2021-05-16T21:07:37.725Z]: Loading topic log-task-variables 
[2021-05-16T21:07:37.726Z]: Loading topic mutko-form-amend 
[2021-05-16T21:07:37.726Z]: Loading topic mutko-form-complete 
[2021-05-16T21:07:37.726Z]: Loading topic mutko-form-create 
[2021-05-16T21:07:37.726Z]: Loading topic set-mutko-test-variables 
[2021-05-16T21:07:37.726Z]: Service loaded in 15ms 
[2021-05-16T21:07:58.235Z]: Starting camunda external service 
[2021-05-16T21:07:58.236Z]: Loading topic log-task-variables 
[2021-05-16T21:07:58.236Z]: Loading topic mutko-form-amend 
[2021-05-16T21:07:58.237Z]: Loading topic mutko-form-complete 
[2021-05-16T21:07:58.237Z]: Loading topic mutko-form-create 
[2021-05-16T21:07:58.237Z]: Loading topic set-mutko-test-variables 
[2021-05-16T21:07:58.237Z]: Service loaded in 16ms 
[2021-05-16T21:08:05.869Z]: Starting camunda external service 
[2021-05-16T21:08:05.871Z]: Loading topic log-task-variables 
[2021-05-16T21:08:05.871Z]: Loading topic mutko-form-amend 
[2021-05-16T21:08:05.871Z]: Loading topic mutko-form-complete 
[2021-05-16T21:08:05.871Z]: Loading topic mutko-form-create 
[2021-05-16T21:08:05.871Z]: Loading topic set-mutko-test-variables 
[2021-05-16T21:08:05.871Z]: Service loaded in 15ms 
[2021-05-16T21:08:50.629Z]: Starting camunda external service 
[2021-05-16T21:08:50.630Z]: Loading topic log-task-variables 
[2021-05-16T21:08:50.631Z]: Loading topic mutko-form-amend 
[2021-05-16T21:08:50.631Z]: Loading topic mutko-form-complete 
[2021-05-16T21:08:50.631Z]: Loading topic mutko-form-create 
[2021-05-16T21:08:50.631Z]: Loading topic set-mutko-test-variables 
[2021-05-16T21:08:50.631Z]: Service loaded in 15ms 
[2021-05-16T21:11:01.206Z]: Starting camunda external service 
[2021-05-16T21:11:01.207Z]: Loading topic log-task-variables 
[2021-05-16T21:11:01.207Z]: Loading topic mutko-form-amend 
[2021-05-16T21:11:01.207Z]: Loading topic mutko-form-complete 
[2021-05-16T21:11:01.207Z]: Loading topic mutko-form-create 
[2021-05-16T21:11:01.208Z]: Loading topic set-mutko-test-variables 
[2021-05-16T21:11:01.208Z]: Service loaded in 16ms 
[2021-05-16T21:11:48.209Z]: Starting camunda external service 
[2021-05-16T21:11:48.211Z]: Loading topic log-task-variables 
[2021-05-16T21:11:48.211Z]: Loading topic mutko-form-amend 
[2021-05-16T21:11:48.211Z]: Loading topic mutko-form-complete 
[2021-05-16T21:11:48.211Z]: Loading topic mutko-form-create 
[2021-05-16T21:11:48.211Z]: Loading topic set-mutko-test-variables 
[2021-05-16T21:11:48.211Z]: Service loaded in 15ms 
[2021-05-16T21:12:26.093Z]: Received 'set-mutko-test-variables' [6a0d06a1-b68b-11eb-b34d-04d9f5f41a5d] on 'test_1' [6a0cdf8d-b68b-11eb-b34d-04d9f5f41a5d] 
[2021-05-16T21:12:26.412Z]: Received 'mutko-form-create' [6a103af8-b68b-11eb-b34d-04d9f5f41a5d] on 'test_1' [6a0cdf8d-b68b-11eb-b34d-04d9f5f41a5d] 
[2021-05-16T21:12:26.547Z]: ERROR - [6a103af8-b68b-11eb-b34d-04d9f5f41a5d]: No recipient present. - MUTKO_MISSING_REQUIRED_VARIABLE 
[2021-05-16T21:12:56.361Z]: Starting camunda external service 
[2021-05-16T21:12:56.362Z]: Loading topic log-task-variables 
[2021-05-16T21:12:56.362Z]: Loading topic mutko-form-amend 
[2021-05-16T21:12:56.362Z]: Loading topic mutko-form-complete 
[2021-05-16T21:12:56.362Z]: Loading topic mutko-form-create 
[2021-05-16T21:12:56.363Z]: Loading topic set-mutko-test-variables 
[2021-05-16T21:12:56.363Z]: Service loaded in 16ms 
[2021-05-16T21:13:09.912Z]: Starting camunda external service 
[2021-05-16T21:13:09.913Z]: Loading topic log-task-variables 
[2021-05-16T21:13:09.914Z]: Loading topic mutko-form-amend 
[2021-05-16T21:13:09.914Z]: Loading topic mutko-form-complete 
[2021-05-16T21:13:09.914Z]: Loading topic mutko-form-create 
[2021-05-16T21:13:09.914Z]: Loading topic set-mutko-test-variables 
[2021-05-16T21:13:09.914Z]: Service loaded in 16ms 
[2021-05-16T21:14:05.209Z]: Received 'set-mutko-test-variables' [a521148b-b68b-11eb-b34d-04d9f5f41a5d] on 'test_1' [a520ed77-b68b-11eb-b34d-04d9f5f41a5d] 
[2021-05-16T21:14:05.528Z]: Received 'mutko-form-create' [a5258169-b68b-11eb-b34d-04d9f5f41a5d] on 'test_1' [a520ed77-b68b-11eb-b34d-04d9f5f41a5d] 
[2021-05-16T21:14:05.785Z]: ERROR - [a5258169-b68b-11eb-b34d-04d9f5f41a5d]: Request failed with status code 404 - Request failed with status code 404 
[2021-05-16T21:14:48.546Z]: Starting camunda external service 
[2021-05-16T21:14:48.548Z]: Loading topic log-task-variables 
[2021-05-16T21:14:48.548Z]: Loading topic mutko-form-amend 
[2021-05-16T21:14:48.548Z]: Loading topic mutko-form-complete 
[2021-05-16T21:14:48.548Z]: Loading topic mutko-form-create 
[2021-05-16T21:14:48.548Z]: Loading topic set-mutko-test-variables 
[2021-05-16T21:14:48.549Z]: Service loaded in 16ms 
[2021-05-16T21:15:09.210Z]: Received 'mutko-form-create' [a5258169-b68b-11eb-b34d-04d9f5f41a5d] on 'test_1' [a520ed77-b68b-11eb-b34d-04d9f5f41a5d] 
[2021-05-16T21:15:09.483Z]: ERROR - [a5258169-b68b-11eb-b34d-04d9f5f41a5d]: Request failed with status code 400 - Request failed with status code 400 
[2021-05-16T21:16:08.098Z]: Received 'set-mutko-test-variables' [ee60262a-b68b-11eb-b34d-04d9f5f41a5d] on 'test_1' [ee602626-b68b-11eb-b34d-04d9f5f41a5d] 
[2021-05-16T21:16:08.416Z]: Received 'mutko-form-create' [ee629738-b68b-11eb-b34d-04d9f5f41a5d] on 'test_1' [ee602626-b68b-11eb-b34d-04d9f5f41a5d] 
[2021-05-16T21:16:08.634Z]: mutko-form-create -> Created mutko form; https://mutko.fi/form/dd64a58b/435f1b23e7bedde19f25045793f877a03e0502e7da9518a736b1fb312396b510 
[2021-05-16T21:18:29.676Z]: Starting camunda external service 
[2021-05-16T21:18:29.678Z]: Loading topic log-task-variables 
[2021-05-16T21:18:29.678Z]: Loading topic mutko-form-amend 
[2021-05-16T21:18:29.678Z]: Loading topic mutko-form-complete 
[2021-05-16T21:18:29.678Z]: Loading topic mutko-form-create 
[2021-05-16T21:18:29.678Z]: Loading topic set-mutko-test-variables 
[2021-05-16T21:18:29.678Z]: Service loaded in 15ms 
[2021-05-16T21:21:43.947Z]: Starting camunda external service 
[2021-05-16T21:21:43.948Z]: Loading topic log-task-variables 
[2021-05-16T21:21:43.948Z]: Loading topic mutko-form-amend 
[2021-05-16T21:21:43.948Z]: Loading topic mutko-form-complete 
[2021-05-16T21:21:43.948Z]: Loading topic mutko-form-create 
[2021-05-16T21:21:43.949Z]: Loading topic set-mutko-test-variables 
[2021-05-16T21:21:43.949Z]: Service loaded in 16ms 
[2021-05-16T21:24:39.509Z]: Starting camunda external service 
[2021-05-16T21:24:39.511Z]: Loading topic log-task-variables 
[2021-05-16T21:24:39.511Z]: Loading topic mutko-form-amend 
[2021-05-16T21:24:39.511Z]: Loading topic mutko-form-complete 
[2021-05-16T21:24:39.511Z]: Loading topic mutko-form-create 
[2021-05-16T21:24:39.511Z]: Loading topic set-mutko-test-variables 
[2021-05-16T21:24:39.511Z]: Service loaded in 15ms 
[2021-05-16T21:25:21.957Z]: Starting camunda external service 
[2021-05-16T21:25:21.958Z]: Loading topic log-task-variables 
[2021-05-16T21:25:21.958Z]: Loading topic mutko-form-amend 
[2021-05-16T21:25:21.958Z]: Loading topic mutko-form-complete 
[2021-05-16T21:25:21.958Z]: Loading topic mutko-form-create 
[2021-05-16T21:25:21.959Z]: Loading topic set-mutko-test-variables 
[2021-05-16T21:25:21.959Z]: Service loaded in 16ms 
[2021-05-16T21:26:00.981Z]: Received 'set-mutko-test-variables' on 'test_1' [4fc31181-b68d-11eb-b34d-04d9f5f41a5d] 
[2021-05-16T21:26:01.298Z]: Received 'mutko-form-create' on 'test_1' [4fc31181-b68d-11eb-b34d-04d9f5f41a5d] 
[2021-05-16T21:26:01.542Z]: ERROR - [4fc5d0b3-b68d-11eb-b34d-04d9f5f41a5d]: Request failed with status code 400 - {"status":400,"message":"COULD_NOT_FIND_TEMPLATE","requestId":"3e05c65a-9ad1-475e-9689-aa84f7822fcf"} 
[2021-05-16T21:26:56.840Z]: Starting camunda external service 
[2021-05-16T21:26:56.841Z]: Loading topic log-task-variables 
[2021-05-16T21:26:56.842Z]: Loading topic mutko-form-amend 
[2021-05-16T21:26:56.842Z]: Loading topic mutko-form-complete 
[2021-05-16T21:26:56.842Z]: Loading topic mutko-form-create 
[2021-05-16T21:26:56.842Z]: Loading topic set-mutko-test-variables 
[2021-05-16T21:26:56.842Z]: Service loaded in 16ms 
[2021-05-16T21:27:22.422Z]: Starting camunda external service 
[2021-05-16T21:27:22.423Z]: Loading topic log-task-variables 
[2021-05-16T21:27:22.424Z]: Loading topic mutko-form-amend 
[2021-05-16T21:27:22.424Z]: Loading topic mutko-form-complete 
[2021-05-16T21:27:22.424Z]: Loading topic mutko-form-create 
[2021-05-16T21:27:22.424Z]: Loading topic set-mutko-test-variables 
[2021-05-16T21:27:22.424Z]: Service loaded in 16ms 
[2021-05-16T21:27:24.901Z]: Starting camunda external service 
[2021-05-16T21:27:24.903Z]: Loading topic log-task-variables 
[2021-05-16T21:27:24.903Z]: Loading topic mutko-form-amend 
[2021-05-16T21:27:24.903Z]: Loading topic mutko-form-complete 
[2021-05-16T21:27:24.903Z]: Loading topic mutko-form-create 
[2021-05-16T21:27:24.904Z]: Loading topic set-mutko-test-variables 
[2021-05-16T21:27:24.904Z]: Service loaded in 18ms 
[2021-05-16T21:27:43.215Z]: Received 'set-mutko-test-variables' on 'test_1' [8cb2962c-b68d-11eb-b34d-04d9f5f41a5d] 
[2021-05-16T21:27:43.539Z]: Received 'mutko-form-create' on 'test_1' [8cb2962c-b68d-11eb-b34d-04d9f5f41a5d] 
[2021-05-16T21:27:43.776Z]: ERROR - [8cb5073e-b68d-11eb-b34d-04d9f5f41a5d]: Unknown - {"status":400,"message":"COULD_NOT_FIND_TEMPLATE","requestId":"5aa1fe7d-f1e3-418d-9d81-337be86f0490"} 
[2021-05-16T21:32:02.015Z]: Starting camunda external service 
[2021-05-16T21:32:02.017Z]: Loading topic log-task-variables 
[2021-05-16T21:32:02.017Z]: Loading topic mutko-form-amend 
[2021-05-16T21:32:02.017Z]: Loading topic mutko-form-complete 
[2021-05-16T21:32:02.017Z]: Loading topic mutko-form-create 
[2021-05-16T21:32:02.017Z]: Loading topic set-mutko-test-variables 
[2021-05-16T21:32:02.017Z]: Service loaded in 16ms 
[2021-05-16T21:32:21.374Z]: Received 'set-mutko-test-variables' on 'test_1' [327c4c73-b68e-11eb-b34d-04d9f5f41a5d] 
[2021-05-16T21:32:21.693Z]: Received 'mutko-form-create' on 'test_1' [327c4c73-b68e-11eb-b34d-04d9f5f41a5d] 
[2021-05-16T21:32:21.989Z]: Exception while handling 'mutko-form-create' on 'test_1' [327c4c73-b68e-11eb-b34d-04d9f5f41a5d] 
 EXCEPTION: Unknown - {"status":400,"message":"COULD_NOT_FIND_TEMPLATE","requestId":"9975b0d1-3681-41d0-86cc-c90b3f6d1f56"} 
[2021-05-16T21:33:08.693Z]: Starting camunda external service 
[2021-05-16T21:33:08.695Z]: Loading topic log-task-variables 
[2021-05-16T21:33:08.695Z]: Loading topic mutko-form-amend 
[2021-05-16T21:33:08.695Z]: Loading topic mutko-form-complete 
[2021-05-16T21:33:08.695Z]: Loading topic mutko-form-create 
[2021-05-16T21:33:08.695Z]: Loading topic set-mutko-test-variables 
[2021-05-16T21:33:08.695Z]: Service loaded in 15ms 
[2021-05-16T21:35:12.585Z]: Received 'mutko-form-create' on 'test_1' [327c4c73-b68e-11eb-b34d-04d9f5f41a5d] 
[2021-05-16T21:37:41.126Z]: Starting camunda external service 
[2021-05-16T21:37:41.127Z]: Loading topic log-task-variables 
[2021-05-16T21:37:41.128Z]: Loading topic mutko-form-approve 
[2021-05-16T21:37:41.128Z]: Loading topic mutko-form-create 
[2021-05-16T21:37:41.128Z]: Loading topic set-mutko-test-variables 
[2021-05-16T21:37:41.128Z]: Service loaded in 16ms 
[2021-05-16T21:38:48.667Z]: Starting camunda external service 
[2021-05-16T21:38:48.668Z]: Loading topic log-task-variables 
[2021-05-16T21:38:48.668Z]: Loading topic mutko-form-approve 
[2021-05-16T21:38:48.668Z]: Loading topic mutko-form-create 
[2021-05-16T21:38:48.669Z]: Loading topic set-mutko-test-variables 
[2021-05-16T21:38:48.669Z]: Service loaded in 18ms 
[2021-05-16T21:40:38.993Z]: Starting camunda external service 
[2021-05-16T21:40:38.994Z]: Loading topic mutko-form-approve 
[2021-05-16T21:40:38.995Z]: Loading topic mutko-form-create 
[2021-05-16T21:40:38.995Z]: Loading topic log-task-variables 
[2021-05-16T21:40:38.995Z]: Loading topic set-mutko-test-variables 
[2021-05-16T21:40:38.995Z]: Service loaded in 16ms 
[2021-05-16T21:47:35.379Z]: Starting camunda external service 
[2021-05-16T21:47:35.380Z]: Loading topic mutko-form-approve 
[2021-05-16T21:47:35.380Z]: Loading topic mutko-form-create 
[2021-05-16T21:47:35.380Z]: Loading topic mutko-form-subscribe-submitted 
[2021-05-16T21:47:35.380Z]: Loading topic log-task-variables 
[2021-05-16T21:47:35.380Z]: Loading topic set-mutko-test-variables 
[2021-05-16T21:47:35.380Z]: Service loaded in 15ms 
[2021-05-16T21:48:12.994Z]: Starting camunda external service 
[2021-05-16T21:48:12.995Z]: Loading topic mutko-form-approve 
[2021-05-16T21:48:12.995Z]: Loading topic mutko-form-create 
[2021-05-16T21:48:12.996Z]: Loading topic mutko-form-subscribe-submitted 
[2021-05-16T21:48:12.996Z]: Loading topic log-task-variables 
[2021-05-16T21:48:12.996Z]: Loading topic set-mutko-test-variables 
[2021-05-16T21:48:12.996Z]: Service loaded in 16ms 
[2021-05-16T21:49:49.450Z]: Starting camunda external service 
[2021-05-16T21:49:49.451Z]: Loading topic mutko-form-approve 
[2021-05-16T21:49:49.451Z]: Loading topic mutko-form-create 
[2021-05-16T21:49:49.451Z]: Loading topic mutko-form-subscribe-submitted 
[2021-05-16T21:49:49.451Z]: Loading topic log-task-variables 
[2021-05-16T21:49:49.451Z]: Loading topic set-mutko-test-variables 
[2021-05-16T21:49:49.451Z]: Service loaded in 76ms 
[2021-05-16T22:03:59.802Z]: Starting camunda external service 
[2021-05-16T22:03:59.803Z]: Loading topic mutko-form-approve 
[2021-05-16T22:03:59.803Z]: Loading topic mutko-form-create 
[2021-05-16T22:03:59.803Z]: Loading topic mutko-form-subscribe-submitted 
[2021-05-16T22:03:59.803Z]: Loading topic log-task-variables 
[2021-05-16T22:03:59.803Z]: Loading topic set-mutko-test-variables 
[2021-05-16T22:03:59.803Z]: Service loaded in 15ms 
[2021-05-16T22:05:11.050Z]: Starting camunda external service 
[2021-05-16T22:05:11.052Z]: Loading topic mutko-form-approve 
[2021-05-16T22:05:11.052Z]: Loading topic mutko-form-create 
[2021-05-16T22:05:11.052Z]: Loading topic mutko-form-subscribe-submitted 
[2021-05-16T22:05:11.052Z]: Loading topic log-task-variables 
[2021-05-16T22:05:11.052Z]: Loading topic set-mutko-test-variables 
[2021-05-16T22:05:11.052Z]: Service loaded in 16ms 
[2021-05-16T22:06:22.647Z]: Starting camunda external service 
[2021-05-16T22:06:22.649Z]: Loading topic mutko-form-approve 
[2021-05-16T22:06:22.649Z]: Loading topic mutko-form-create 
[2021-05-16T22:06:22.649Z]: Loading topic mutko-form-subscribe-submitted 
[2021-05-16T22:06:22.649Z]: Loading topic log-task-variables 
[2021-05-16T22:06:22.649Z]: Loading topic set-mutko-test-variables 
[2021-05-16T22:06:22.649Z]: Service loaded in 16ms 
[2021-05-16T22:07:05.818Z]: Received 'set-mutko-test-variables' on 'test_1' [0ceb594f-b693-11eb-b34d-04d9f5f41a5d] 
[2021-05-16T22:07:06.139Z]: Received 'mutko-form-create' on 'test_1' [0ceb594f-b693-11eb-b34d-04d9f5f41a5d] 
[2021-05-16T22:07:55.855Z]: Received 'set-mutko-test-variables' on 'test_1' [2abe62bc-b693-11eb-b34d-04d9f5f41a5d] 
[2021-05-16T22:07:56.172Z]: Received 'mutko-form-create' on 'test_1' [2abe62bc-b693-11eb-b34d-04d9f5f41a5d] 
[2021-05-16T22:07:56.488Z]: Received 'mutko-form-subscribe-submitted' on 'test_1' [2abe62bc-b693-11eb-b34d-04d9f5f41a5d] 
[2021-05-16T22:07:56.489Z]: Exception while handling 'mutko-form-subscribe-submitted' on 'test_1' [2abe62bc-b693-11eb-b34d-04d9f5f41a5d] 
[2021-05-16T22:07:56.489Z]: Catched exception: No form hash present. - MUTKO_MISSING_REQUIRED_VARIABLE 
[2021-05-16T22:08:26.281Z]: Starting camunda external service 
[2021-05-16T22:08:26.283Z]: Loading topic mutko-form-approve 
[2021-05-16T22:08:26.283Z]: Loading topic mutko-form-create 
[2021-05-16T22:08:26.283Z]: Loading topic mutko-form-subscribe-submitted 
[2021-05-16T22:08:26.283Z]: Loading topic log-task-variables 
[2021-05-16T22:08:26.283Z]: Loading topic set-mutko-test-variables 
[2021-05-16T22:08:26.283Z]: Service loaded in 15ms 
[2021-05-16T22:09:39.785Z]: Received 'set-mutko-test-variables' on 'test_1' [68b0ff93-b693-11eb-b34d-04d9f5f41a5d] 
[2021-05-16T22:09:40.098Z]: Received 'mutko-form-create' on 'test_1' [68b0ff93-b693-11eb-b34d-04d9f5f41a5d] 
[2021-05-16T22:09:40.445Z]: Received 'mutko-form-subscribe-submitted' on 'test_1' [68b0ff93-b693-11eb-b34d-04d9f5f41a5d] 
[2021-05-16T22:10:32.069Z]: Received 'mutko-form-subscribe-submitted' on 'test_1' [68b0ff93-b693-11eb-b34d-04d9f5f41a5d] 
[2021-05-16T22:10:53.734Z]: Starting camunda external service 
[2021-05-16T22:10:53.735Z]: Loading topic mutko-form-approve 
[2021-05-16T22:10:53.735Z]: Loading topic mutko-form-create 
[2021-05-16T22:10:53.735Z]: Loading topic mutko-form-subscribe-submitted 
[2021-05-16T22:10:53.735Z]: Loading topic log-task-variables 
[2021-05-16T22:10:53.735Z]: Loading topic set-mutko-test-variables 
[2021-05-16T22:10:53.735Z]: Service loaded in 15ms 
[2021-05-16T22:11:24.711Z]: Received 'mutko-form-subscribe-submitted' on 'test_1' [68b0ff93-b693-11eb-b34d-04d9f5f41a5d] 
[2021-05-16T22:12:16.361Z]: Received 'mutko-form-subscribe-submitted' on 'test_1' [68b0ff93-b693-11eb-b34d-04d9f5f41a5d] 
[2021-05-16T22:12:19.434Z]: Starting camunda external service 
[2021-05-16T22:12:19.436Z]: Loading topic mutko-form-approve 
[2021-05-16T22:12:19.436Z]: Loading topic mutko-form-create 
[2021-05-16T22:12:19.436Z]: Loading topic mutko-form-subscribe-submitted 
[2021-05-16T22:12:19.436Z]: Loading topic log-task-variables 
[2021-05-16T22:12:19.436Z]: Loading topic set-mutko-test-variables 
[2021-05-16T22:12:19.436Z]: Service loaded in 15ms 
[2021-05-16T22:13:11.072Z]: Received 'mutko-form-subscribe-submitted' on 'test_1' [68b0ff93-b693-11eb-b34d-04d9f5f41a5d] 
[2021-05-16T22:13:23.166Z]: Starting camunda external service 
[2021-05-16T22:13:23.167Z]: Loading topic mutko-form-approve 
[2021-05-16T22:13:23.167Z]: Loading topic mutko-form-create 
[2021-05-16T22:13:23.167Z]: Loading topic mutko-form-subscribe-submitted 
[2021-05-16T22:13:23.168Z]: Loading topic log-task-variables 
[2021-05-16T22:13:23.168Z]: Loading topic set-mutko-test-variables 
[2021-05-16T22:13:23.168Z]: Service loaded in 16ms 
[2021-05-16T22:13:48.457Z]: Starting camunda external service 
[2021-05-16T22:13:48.458Z]: Loading topic mutko-form-approve 
[2021-05-16T22:13:48.459Z]: Loading topic mutko-form-create 
[2021-05-16T22:13:48.459Z]: Loading topic mutko-form-subscribe-submitted 
[2021-05-16T22:13:48.459Z]: Loading topic log-task-variables 
[2021-05-16T22:13:48.459Z]: Loading topic set-mutko-test-variables 
[2021-05-16T22:13:48.459Z]: Service loaded in 19ms 
[2021-05-16T22:14:09.117Z]: Received 'mutko-form-subscribe-submitted' on 'test_1' [68b0ff93-b693-11eb-b34d-04d9f5f41a5d] 
[2021-05-16T22:15:11.093Z]: Received 'mutko-form-subscribe-submitted' on 'test_1' [68b0ff93-b693-11eb-b34d-04d9f5f41a5d] 
[2021-05-16T22:18:09.859Z]: Starting camunda external service 
[2021-05-16T22:18:09.861Z]: Loading topic mutko-form-approve 
[2021-05-16T22:18:09.861Z]: Loading topic mutko-form-create 
[2021-05-16T22:18:09.861Z]: Loading topic mutko-form-subscribe-submitted 
[2021-05-16T22:18:09.861Z]: Loading topic log-task-variables 
[2021-05-16T22:18:09.861Z]: Loading topic set-mutko-test-variables 
[2021-05-16T22:18:09.861Z]: Service loaded in 15ms 
[2021-05-16T22:18:10.189Z]: Received 'mutko-form-subscribe-submitted' on 'test_1' [68b0ff93-b693-11eb-b34d-04d9f5f41a5d] 
[2021-05-16T22:18:10.449Z]: Exception while handling 'mutko-form-subscribe-submitted' on 'test_1' [68b0ff93-b693-11eb-b34d-04d9f5f41a5d] 
[2021-05-16T22:18:10.449Z]: Catched exception: log is not defined - log is not defined 
[2021-05-16T22:18:19.886Z]: Starting camunda external service 
[2021-05-16T22:18:19.887Z]: Loading topic mutko-form-approve 
[2021-05-16T22:18:19.888Z]: Loading topic mutko-form-create 
[2021-05-16T22:18:19.888Z]: Loading topic mutko-form-subscribe-submitted 
[2021-05-16T22:18:19.888Z]: Loading topic log-task-variables 
[2021-05-16T22:18:19.888Z]: Loading topic set-mutko-test-variables 
[2021-05-16T22:18:19.888Z]: Service loaded in 15ms 
[2021-05-16T22:21:16.259Z]: Starting camunda external service 
[2021-05-16T22:21:16.260Z]: Loading topic mutko-form-approve 
[2021-05-16T22:21:16.261Z]: Loading topic mutko-form-create 
[2021-05-16T22:21:16.261Z]: Loading topic mutko-form-subscribe-submitted 
[2021-05-16T22:21:16.261Z]: Loading topic log-task-variables 
[2021-05-16T22:21:16.261Z]: Loading topic set-mutko-test-variables 
[2021-05-16T22:21:16.261Z]: Service loaded in 16ms 
[2021-05-16T22:21:50.714Z]: Starting camunda external service 
[2021-05-16T22:21:50.715Z]: Loading topic mutko-form-approve 
[2021-05-16T22:21:50.715Z]: Loading topic mutko-form-create 
[2021-05-16T22:21:50.715Z]: Loading topic mutko-form-subscribe-submitted 
[2021-05-16T22:21:50.716Z]: Loading topic log-task-variables 
[2021-05-16T22:21:50.716Z]: Loading topic set-mutko-test-variables 
[2021-05-16T22:21:50.716Z]: Service loaded in 15ms 
[2021-05-16T22:22:35.131Z]: Starting camunda external service 
[2021-05-16T22:22:35.133Z]: Loading topic mutko-form-approve 
[2021-05-16T22:22:35.133Z]: Loading topic mutko-form-create 
[2021-05-16T22:22:35.133Z]: Loading topic mutko-form-subscribe-submitted 
[2021-05-16T22:22:35.133Z]: Loading topic log-task-variables 
[2021-05-16T22:22:35.133Z]: Loading topic set-mutko-test-variables 
[2021-05-16T22:22:35.133Z]: Service loaded in 15ms 
[2021-05-16T22:22:45.467Z]: Received 'mutko-form-subscribe-submitted' on 'test_1' [68b0ff93-b693-11eb-b34d-04d9f5f41a5d] 
[2021-05-16T22:26:50.606Z]: Starting camunda external service 
[2021-05-16T22:26:50.607Z]: Loading topic mutko-form-approve 
[2021-05-16T22:26:50.607Z]: Loading topic mutko-form-create 
[2021-05-16T22:26:50.607Z]: Loading topic mutko-form-subscribe-submitted 
[2021-05-16T22:26:50.607Z]: Loading topic log-task-variables 
[2021-05-16T22:26:50.608Z]: Loading topic set-mutko-test-variables 
[2021-05-16T22:26:50.608Z]: Service loaded in 16ms 
[2021-05-16T22:30:19.307Z]: Starting camunda external service 
[2021-05-16T22:30:19.309Z]: Loading topic mutko-form-approve 
[2021-05-16T22:30:19.309Z]: Loading topic mutko-form-create 
[2021-05-16T22:30:19.309Z]: Loading topic mutko-form-subscribe-submitted 
[2021-05-16T22:30:19.309Z]: Loading topic log-task-variables 
[2021-05-16T22:30:19.310Z]: Loading topic set-mutko-test-variables 
[2021-05-16T22:30:19.310Z]: Service loaded in 17ms 
[2021-05-16T22:31:51.656Z]: Starting camunda external service 
[2021-05-16T22:31:51.657Z]: Loading topic mutko-form-approve 
[2021-05-16T22:31:51.657Z]: Loading topic mutko-form-create 
[2021-05-16T22:31:51.657Z]: Loading topic mutko-form-subscribe-submitted 
[2021-05-16T22:31:51.657Z]: Loading topic log-task-variables 
[2021-05-16T22:31:51.657Z]: Loading topic set-mutko-test-variables 
[2021-05-16T22:31:51.658Z]: Service loaded in 16ms 
[2021-05-16T22:34:32.849Z]: Received 'set-mutko-test-variables' on 'test_1' [e2a07c53-b696-11eb-b34d-04d9f5f41a5d] 
[2021-05-16T22:34:33.162Z]: Received 'mutko-form-create' on 'test_1' [e2a07c53-b696-11eb-b34d-04d9f5f41a5d] 
[2021-05-16T22:34:33.525Z]: Received 'mutko-form-subscribe-submitted' on 'test_1' [e2a07c53-b696-11eb-b34d-04d9f5f41a5d] 
[2021-05-16T22:35:25.133Z]: Received 'mutko-form-subscribe-submitted' on 'test_1' [e2a07c53-b696-11eb-b34d-04d9f5f41a5d] 
[2021-05-16T22:35:26.540Z]: Starting camunda external service 
[2021-05-16T22:35:26.541Z]: Loading topic mutko-form-approve 
[2021-05-16T22:35:26.541Z]: Loading topic mutko-form-create 
[2021-05-16T22:35:26.541Z]: Loading topic mutko-form-subscribe-submitted 
[2021-05-16T22:35:26.541Z]: Loading topic log-task-variables 
[2021-05-16T22:35:26.541Z]: Loading topic set-mutko-test-variables 
[2021-05-16T22:35:26.541Z]: Service loaded in 15ms 
[2021-05-16T22:36:18.172Z]: Received 'mutko-form-subscribe-submitted' on 'test_1' [e2a07c53-b696-11eb-b34d-04d9f5f41a5d] 
[2021-05-16T22:36:48.204Z]: 'mutko-form-subscribe-submitted' on 'test_1' [e2a07c53-b696-11eb-b34d-04d9f5f41a5d] -> Checking form state 
[2021-05-16T22:37:18.448Z]: 'mutko-form-subscribe-submitted' on 'test_1' [e2a07c53-b696-11eb-b34d-04d9f5f41a5d] -> Checking form state 
[2021-05-16T22:37:48.624Z]: 'mutko-form-subscribe-submitted' on 'test_1' [e2a07c53-b696-11eb-b34d-04d9f5f41a5d] -> Checking form state 
[2021-05-16T22:38:18.851Z]: 'mutko-form-subscribe-submitted' on 'test_1' [e2a07c53-b696-11eb-b34d-04d9f5f41a5d] -> Checking form state 
[2021-05-16T22:38:19.051Z]: Received 'mutko-form-approve' on 'test_1' [e2a07c53-b696-11eb-b34d-04d9f5f41a5d] 
[2021-05-16T22:38:19.160Z]: Exception while handling 'mutko-form-approve' on 'test_1' [e2a07c53-b696-11eb-b34d-04d9f5f41a5d] 
[2021-05-16T22:38:19.160Z]: Catched exception: Unknown - Resource not found. 
[2021-05-16T22:39:04.194Z]: Starting camunda external service 
[2021-05-16T22:39:04.195Z]: Loading topic mutko-form-approve 
[2021-05-16T22:39:04.196Z]: Loading topic mutko-form-create 
[2021-05-16T22:39:04.196Z]: Loading topic mutko-form-subscribe-submitted 
[2021-05-16T22:39:04.196Z]: Loading topic log-task-variables 
[2021-05-16T22:39:04.196Z]: Loading topic set-mutko-test-variables 
[2021-05-16T22:39:04.196Z]: Service loaded in 16ms 
[2021-05-16T22:39:24.857Z]: Received 'mutko-form-approve' on 'test_1' [e2a07c53-b696-11eb-b34d-04d9f5f41a5d] 
[2021-05-16T22:40:51.451Z]: Starting camunda external service 
[2021-05-16T22:40:51.452Z]: Loading topic mutko-form-approve 
[2021-05-16T22:40:51.453Z]: Loading topic mutko-form-create 
[2021-05-16T22:40:51.453Z]: Loading topic mutko-form-subscribe-submitted 
[2021-05-16T22:40:51.453Z]: Loading topic log-task-variables 
[2021-05-16T22:40:51.453Z]: Loading topic set-mutko-test-variables 
[2021-05-16T22:40:51.453Z]: Service loaded in 15ms 
[2021-05-16T22:41:30.380Z]: Received 'set-mutko-test-variables' on 'test_1' [db7ed04a-b697-11eb-b34d-04d9f5f41a5d] 
[2021-05-16T22:41:30.691Z]: Received 'mutko-form-create' on 'test_1' [db7ed04a-b697-11eb-b34d-04d9f5f41a5d] 
[2021-05-16T22:41:31.028Z]: Received 'mutko-form-subscribe-submitted' on 'test_1' [db7ed04a-b697-11eb-b34d-04d9f5f41a5d] 
[2021-05-16T22:42:01.032Z]: 'mutko-form-subscribe-submitted' on 'test_1' [db7ed04a-b697-11eb-b34d-04d9f5f41a5d] -> Checking form state 
[2021-05-16T22:42:01.209Z]: Received 'mutko-form-approve' on 'test_1' [db7ed04a-b697-11eb-b34d-04d9f5f41a5d] 
[2021-05-16T22:43:04.662Z]: Starting camunda external service 
[2021-05-16T22:43:04.663Z]: Loading topic mutko-form-approve 
[2021-05-16T22:43:04.664Z]: Loading topic mutko-form-create 
[2021-05-16T22:43:04.664Z]: Loading topic mutko-form-subscribe-submitted 
[2021-05-16T22:43:04.664Z]: Loading topic log-task-variables 
[2021-05-16T22:43:04.664Z]: Loading topic set-mutko-test-variables 
[2021-05-16T22:43:04.664Z]: Service loaded in 16ms 
[2021-05-16T22:43:27.629Z]: Received 'set-mutko-test-variables' on 'test_1' [2161978b-b698-11eb-b34d-04d9f5f41a5d] 
[2021-05-16T22:43:27.947Z]: Received 'mutko-form-create' on 'test_1' [2161978b-b698-11eb-b34d-04d9f5f41a5d] 
[2021-05-16T22:43:28.293Z]: Received 'mutko-form-subscribe-submitted' on 'test_1' [2161978b-b698-11eb-b34d-04d9f5f41a5d] 
[2021-05-16T22:43:58.304Z]: 'mutko-form-subscribe-submitted' on 'test_1' [2161978b-b698-11eb-b34d-04d9f5f41a5d] -> Checking form state 
[2021-05-16T22:43:58.477Z]: Received 'mutko-form-approve' on 'test_1' [2161978b-b698-11eb-b34d-04d9f5f41a5d] 
[2021-05-17T06:26:34.558Z]: Starting camunda external service 
[2021-05-17T06:26:34.560Z]: Loading topic mutko-form-approve 
[2021-05-17T06:26:34.560Z]: Loading topic mutko-form-create 
[2021-05-17T06:26:34.560Z]: Loading topic mutko-form-subscribe-submitted 
[2021-05-17T06:26:34.560Z]: Loading topic log-task-variables 
[2021-05-17T06:26:34.560Z]: Loading topic set-mutko-test-variables 
[2021-05-17T06:26:34.560Z]: Service loaded in 28ms 
